INFO 2026-01-02 09:34:54,692 autoreload 4548 4591302144 Watching for file changes with StatReloader
INFO 2026-01-02 09:37:16,955 autoreload 4548 4591302144 /Users/earnest/Desktop/smartpos_project/smartpos/admin.py changed, reloading.
INFO 2026-01-02 09:37:17,617 autoreload 4617 4402628096 Watching for file changes with StatReloader
INFO 2026-01-02 09:38:30,645 autoreload 4742 4654941696 Watching for file changes with StatReloader
INFO 2026-01-02 09:40:43,838 autoreload 5035 4648191488 Watching for file changes with StatReloader
INFO 2026-01-02 09:43:15,227 autoreload 5035 4648191488 /Users/earnest/Desktop/smartpos_project/smartpos/serializers.py changed, reloading.
INFO 2026-01-02 09:43:15,862 autoreload 5088 4691133952 Watching for file changes with StatReloader
INFO 2026-01-02 09:43:31,485 autoreload 5188 4586706432 Watching for file changes with StatReloader
INFO 2026-01-02 09:53:03,974 autoreload 5188 4586706432 /Users/earnest/Desktop/smartpos_project/smartpos/api_views.py changed, reloading.
INFO 2026-01-02 09:53:04,654 autoreload 5325 4555625984 Watching for file changes with StatReloader
INFO 2026-01-02 10:13:15,007 autoreload 5325 4555625984 /Users/earnest/Desktop/smartpos_project/smartpos/urls.py changed, reloading.
INFO 2026-01-02 10:13:16,549 autoreload 5585 4411393536 Watching for file changes with StatReloader
INFO 2026-01-02 10:13:28,446 autoreload 5585 4411393536 /Users/earnest/Desktop/smartpos_project/smartpos/urls.py changed, reloading.
INFO 2026-01-02 10:13:29,075 autoreload 5607 4740625920 Watching for file changes with StatReloader
INFO 2026-01-02 10:13:32,707 autoreload 5607 4740625920 /Users/earnest/Desktop/smartpos_project/smartpos/urls.py changed, reloading.
INFO 2026-01-02 10:13:33,924 autoreload 5616 4591502848 Watching for file changes with StatReloader
INFO 2026-01-02 10:13:54,174 autoreload 5716 4616283648 Watching for file changes with StatReloader
INFO 2026-01-02 10:15:10,936 autoreload 5716 4616283648 /Users/earnest/Desktop/smartpos_project/smartpos/api_urls.py changed, reloading.
INFO 2026-01-02 10:15:11,584 autoreload 5749 4529464832 Watching for file changes with StatReloader
INFO 2026-01-02 10:15:50,161 autoreload 5896 4749690368 Watching for file changes with StatReloader
INFO 2026-01-02 10:22:16,762 autoreload 6120 4657604096 Watching for file changes with StatReloader
INFO 2026-01-02 10:35:43,093 autoreload 8139 4551587328 Watching for file changes with StatReloader
INFO 2026-01-02 10:38:03,167 autoreload 8139 4551587328 /Users/earnest/Desktop/smartpos_project/smartpos_project/settings.py changed, reloading.
INFO 2026-01-02 10:38:04,258 autoreload 8207 4597294592 Watching for file changes with StatReloader
INFO 2026-01-02 10:38:08,241 autoreload 8207 4597294592 /Users/earnest/Desktop/smartpos_project/smartpos_project/settings.py changed, reloading.
INFO 2026-01-02 10:38:09,011 autoreload 8220 4641895936 Watching for file changes with StatReloader
INFO 2026-01-02 10:38:51,625 autoreload 8438 4479223296 Watching for file changes with StatReloader
INFO 2026-01-02 10:41:15,289 autoreload 8842 4641154560 Watching for file changes with StatReloader
ERROR 2026-01-02 10:41:21,962 log 8842 123145353900032 Internal Server Error: /
Traceback (most recent call last):
  File "/opt/anaconda3/lib/python3.13/site-packages/django/core/handlers/exception.py", line 55, in inner
    response = get_response(request)
  File "/opt/anaconda3/lib/python3.13/site-packages/django/core/handlers/base.py", line 198, in _get_response
    response = wrapped_callback(request, *callback_args, **callback_kwargs)
  File "/opt/anaconda3/lib/python3.13/site-packages/django/contrib/auth/decorators.py", line 60, in _view_wrapper
    return _redirect_to_login(request)
  File "/opt/anaconda3/lib/python3.13/site-packages/django/contrib/auth/decorators.py", line 24, in _redirect_to_login
    resolved_login_url = resolve_url(login_url or settings.LOGIN_URL)
  File "/opt/anaconda3/lib/python3.13/site-packages/django/shortcuts.py", line 184, in resolve_url
    return reverse(to, args=args, kwargs=kwargs)
  File "/opt/anaconda3/lib/python3.13/site-packages/django/urls/base.py", line 98, in reverse
    resolved_url = resolver._reverse_with_prefix(view, prefix, *args, **kwargs)
  File "/opt/anaconda3/lib/python3.13/site-packages/django/urls/resolvers.py", line 842, in _reverse_with_prefix
    raise NoReverseMatch(msg)
django.urls.exceptions.NoReverseMatch: Reverse for 'login' not found. 'login' is not a valid view function or pattern name.
WARNING 2026-01-02 10:41:22,405 log 8842 123145353900032 Not Found: /favicon.ico
INFO 2026-01-02 10:42:55,268 autoreload 8842 4641154560 /Users/earnest/Desktop/smartpos_project/smartpos/views.py changed, reloading.
INFO 2026-01-02 10:42:56,065 autoreload 8918 4502189568 Watching for file changes with StatReloader
INFO 2026-01-02 10:43:17,796 autoreload 8918 4502189568 /Users/earnest/Desktop/smartpos_project/smartpos/urls.py changed, reloading.
INFO 2026-01-02 10:43:18,478 autoreload 8951 4532475392 Watching for file changes with StatReloader
ERROR 2026-01-02 10:43:36,602 log 8951 123145516191744 Internal Server Error: /
Traceback (most recent call last):
  File "/opt/anaconda3/lib/python3.13/site-packages/django/core/handlers/exception.py", line 55, in inner
    response = get_response(request)
  File "/opt/anaconda3/lib/python3.13/site-packages/django/core/handlers/base.py", line 198, in _get_response
    response = wrapped_callback(request, *callback_args, **callback_kwargs)
  File "/opt/anaconda3/lib/python3.13/site-packages/django/contrib/auth/decorators.py", line 59, in _view_wrapper
    return view_func(request, *args, **kwargs)
  File "/Users/earnest/Desktop/smartpos_project/smartpos/views.py", line 108, in dashboard
    return render(request, 'smartpos/dashboard.html', context)
  File "/opt/anaconda3/lib/python3.13/site-packages/django/shortcuts.py", line 25, in render
    content = loader.render_to_string(template_name, context, request, using=using)
  File "/opt/anaconda3/lib/python3.13/site-packages/django/template/loader.py", line 61, in render_to_string
    template = get_template(template_name, using=using)
  File "/opt/anaconda3/lib/python3.13/site-packages/django/template/loader.py", line 15, in get_template
    return engine.get_template(template_name)
           ~~~~~~~~~~~~~~~~~~~^^^^^^^^^^^^^^^
  File "/opt/anaconda3/lib/python3.13/site-packages/django/template/backends/django.py", line 79, in get_template
    return Template(self.engine.get_template(template_name), self)
                    ~~~~~~~~~~~~~~~~~~~~~~~~^^^^^^^^^^^^^^^
  File "/opt/anaconda3/lib/python3.13/site-packages/django/template/engine.py", line 186, in get_template
    template, origin = self.find_template(template_name)
                       ~~~~~~~~~~~~~~~~~~^^^^^^^^^^^^^^^
  File "/opt/anaconda3/lib/python3.13/site-packages/django/template/engine.py", line 159, in find_template
    template = loader.get_template(name, skip=skip)
  File "/opt/anaconda3/lib/python3.13/site-packages/django/template/loaders/cached.py", line 57, in get_template
    template = super().get_template(template_name, skip)
  File "/opt/anaconda3/lib/python3.13/site-packages/django/template/loaders/base.py", line 28, in get_template
    return Template(
        contents,
    ...<2 lines>...
        self.engine,
    )
  File "/opt/anaconda3/lib/python3.13/site-packages/django/template/base.py", line 157, in __init__
    self.nodelist = self.compile_nodelist()
                    ~~~~~~~~~~~~~~~~~~~~~^^
  File "/opt/anaconda3/lib/python3.13/site-packages/django/template/base.py", line 199, in compile_nodelist
    nodelist = parser.parse()
  File "/opt/anaconda3/lib/python3.13/site-packages/django/template/base.py", line 585, in parse
    raise self.error(token, e)
  File "/opt/anaconda3/lib/python3.13/site-packages/django/template/base.py", line 583, in parse
    compiled_result = compile_func(self, token)
  File "/opt/anaconda3/lib/python3.13/site-packages/django/template/loader_tags.py", line 307, in do_extends
    nodelist = parser.parse()
  File "/opt/anaconda3/lib/python3.13/site-packages/django/template/base.py", line 585, in parse
    raise self.error(token, e)
  File "/opt/anaconda3/lib/python3.13/site-packages/django/template/base.py", line 583, in parse
    compiled_result = compile_func(self, token)
  File "/opt/anaconda3/lib/python3.13/site-packages/django/template/loader_tags.py", line 235, in do_block
    nodelist = parser.parse(("endblock",))
  File "/opt/anaconda3/lib/python3.13/site-packages/django/template/base.py", line 590, in parse
    self.unclosed_block_tag(parse_until)
    ~~~~~~~~~~~~~~~~~~~~~~~^^^^^^^^^^^^^
  File "/opt/anaconda3/lib/python3.13/site-packages/django/template/base.py", line 657, in unclosed_block_tag
    raise self.error(token, msg)
django.template.exceptions.TemplateSyntaxError: Template: /Users/earnest/Desktop/smartpos_project/templates/smartpos/dashboard.html, Unclosed tag on line 1: 'block'. Looking for one of: endblock.
INFO 2026-01-02 10:49:55,017 autoreload 9358 4666619392 Watching for file changes with StatReloader
ERROR 2026-01-02 10:51:16,277 log 9358 123145490137088 Internal Server Error: /
Traceback (most recent call last):
  File "/opt/anaconda3/lib/python3.13/site-packages/django/core/handlers/exception.py", line 55, in inner
    response = get_response(request)
  File "/opt/anaconda3/lib/python3.13/site-packages/django/core/handlers/base.py", line 198, in _get_response
    response = wrapped_callback(request, *callback_args, **callback_kwargs)
  File "/opt/anaconda3/lib/python3.13/site-packages/django/contrib/auth/decorators.py", line 59, in _view_wrapper
    return view_func(request, *args, **kwargs)
  File "/Users/earnest/Desktop/smartpos_project/smartpos/views.py", line 108, in dashboard
    return render(request, 'smartpos/dashboard.html', context)
  File "/opt/anaconda3/lib/python3.13/site-packages/django/shortcuts.py", line 25, in render
    content = loader.render_to_string(template_name, context, request, using=using)
  File "/opt/anaconda3/lib/python3.13/site-packages/django/template/loader.py", line 61, in render_to_string
    template = get_template(template_name, using=using)
  File "/opt/anaconda3/lib/python3.13/site-packages/django/template/loader.py", line 15, in get_template
    return engine.get_template(template_name)
           ~~~~~~~~~~~~~~~~~~~^^^^^^^^^^^^^^^
  File "/opt/anaconda3/lib/python3.13/site-packages/django/template/backends/django.py", line 79, in get_template
    return Template(self.engine.get_template(template_name), self)
                    ~~~~~~~~~~~~~~~~~~~~~~~~^^^^^^^^^^^^^^^
  File "/opt/anaconda3/lib/python3.13/site-packages/django/template/engine.py", line 186, in get_template
    template, origin = self.find_template(template_name)
                       ~~~~~~~~~~~~~~~~~~^^^^^^^^^^^^^^^
  File "/opt/anaconda3/lib/python3.13/site-packages/django/template/engine.py", line 159, in find_template
    template = loader.get_template(name, skip=skip)
  File "/opt/anaconda3/lib/python3.13/site-packages/django/template/loaders/cached.py", line 57, in get_template
    template = super().get_template(template_name, skip)
  File "/opt/anaconda3/lib/python3.13/site-packages/django/template/loaders/base.py", line 28, in get_template
    return Template(
        contents,
    ...<2 lines>...
        self.engine,
    )
  File "/opt/anaconda3/lib/python3.13/site-packages/django/template/base.py", line 157, in __init__
    self.nodelist = self.compile_nodelist()
                    ~~~~~~~~~~~~~~~~~~~~~^^
  File "/opt/anaconda3/lib/python3.13/site-packages/django/template/base.py", line 199, in compile_nodelist
    nodelist = parser.parse()
  File "/opt/anaconda3/lib/python3.13/site-packages/django/template/base.py", line 585, in parse
    raise self.error(token, e)
  File "/opt/anaconda3/lib/python3.13/site-packages/django/template/base.py", line 583, in parse
    compiled_result = compile_func(self, token)
  File "/opt/anaconda3/lib/python3.13/site-packages/django/template/loader_tags.py", line 307, in do_extends
    nodelist = parser.parse()
  File "/opt/anaconda3/lib/python3.13/site-packages/django/template/base.py", line 585, in parse
    raise self.error(token, e)
  File "/opt/anaconda3/lib/python3.13/site-packages/django/template/base.py", line 583, in parse
    compiled_result = compile_func(self, token)
  File "/opt/anaconda3/lib/python3.13/site-packages/django/template/loader_tags.py", line 235, in do_block
    nodelist = parser.parse(("endblock",))
  File "/opt/anaconda3/lib/python3.13/site-packages/django/template/base.py", line 590, in parse
    self.unclosed_block_tag(parse_until)
    ~~~~~~~~~~~~~~~~~~~~~~~^^^^^^^^^^^^^
  File "/opt/anaconda3/lib/python3.13/site-packages/django/template/base.py", line 657, in unclosed_block_tag
    raise self.error(token, msg)
django.template.exceptions.TemplateSyntaxError: Template: /Users/earnest/Desktop/smartpos_project/templates/smartpos/dashboard.html, Unclosed tag on line 1: 'block'. Looking for one of: endblock.
ERROR 2026-01-02 10:52:35,856 log 9358 123145490137088 Internal Server Error: /
Traceback (most recent call last):
  File "/opt/anaconda3/lib/python3.13/site-packages/django/core/handlers/exception.py", line 55, in inner
    response = get_response(request)
  File "/opt/anaconda3/lib/python3.13/site-packages/django/core/handlers/base.py", line 198, in _get_response
    response = wrapped_callback(request, *callback_args, **callback_kwargs)
  File "/opt/anaconda3/lib/python3.13/site-packages/django/contrib/auth/decorators.py", line 59, in _view_wrapper
    return view_func(request, *args, **kwargs)
  File "/Users/earnest/Desktop/smartpos_project/smartpos/views.py", line 108, in dashboard
    return render(request, 'smartpos/dashboard.html', context)
  File "/opt/anaconda3/lib/python3.13/site-packages/django/shortcuts.py", line 25, in render
    content = loader.render_to_string(template_name, context, request, using=using)
  File "/opt/anaconda3/lib/python3.13/site-packages/django/template/loader.py", line 61, in render_to_string
    template = get_template(template_name, using=using)
  File "/opt/anaconda3/lib/python3.13/site-packages/django/template/loader.py", line 15, in get_template
    return engine.get_template(template_name)
           ~~~~~~~~~~~~~~~~~~~^^^^^^^^^^^^^^^
  File "/opt/anaconda3/lib/python3.13/site-packages/django/template/backends/django.py", line 79, in get_template
    return Template(self.engine.get_template(template_name), self)
                    ~~~~~~~~~~~~~~~~~~~~~~~~^^^^^^^^^^^^^^^
  File "/opt/anaconda3/lib/python3.13/site-packages/django/template/engine.py", line 186, in get_template
    template, origin = self.find_template(template_name)
                       ~~~~~~~~~~~~~~~~~~^^^^^^^^^^^^^^^
  File "/opt/anaconda3/lib/python3.13/site-packages/django/template/engine.py", line 159, in find_template
    template = loader.get_template(name, skip=skip)
  File "/opt/anaconda3/lib/python3.13/site-packages/django/template/loaders/cached.py", line 57, in get_template
    template = super().get_template(template_name, skip)
  File "/opt/anaconda3/lib/python3.13/site-packages/django/template/loaders/base.py", line 28, in get_template
    return Template(
        contents,
    ...<2 lines>...
        self.engine,
    )
  File "/opt/anaconda3/lib/python3.13/site-packages/django/template/base.py", line 157, in __init__
    self.nodelist = self.compile_nodelist()
                    ~~~~~~~~~~~~~~~~~~~~~^^
  File "/opt/anaconda3/lib/python3.13/site-packages/django/template/base.py", line 199, in compile_nodelist
    nodelist = parser.parse()
  File "/opt/anaconda3/lib/python3.13/site-packages/django/template/base.py", line 585, in parse
    raise self.error(token, e)
  File "/opt/anaconda3/lib/python3.13/site-packages/django/template/base.py", line 583, in parse
    compiled_result = compile_func(self, token)
  File "/opt/anaconda3/lib/python3.13/site-packages/django/template/loader_tags.py", line 307, in do_extends
    nodelist = parser.parse()
  File "/opt/anaconda3/lib/python3.13/site-packages/django/template/base.py", line 585, in parse
    raise self.error(token, e)
  File "/opt/anaconda3/lib/python3.13/site-packages/django/template/base.py", line 583, in parse
    compiled_result = compile_func(self, token)
  File "/opt/anaconda3/lib/python3.13/site-packages/django/template/loader_tags.py", line 235, in do_block
    nodelist = parser.parse(("endblock",))
  File "/opt/anaconda3/lib/python3.13/site-packages/django/template/base.py", line 590, in parse
    self.unclosed_block_tag(parse_until)
    ~~~~~~~~~~~~~~~~~~~~~~~^^^^^^^^^^^^^
  File "/opt/anaconda3/lib/python3.13/site-packages/django/template/base.py", line 657, in unclosed_block_tag
    raise self.error(token, msg)
django.template.exceptions.TemplateSyntaxError: Template: /Users/earnest/Desktop/smartpos_project/templates/smartpos/dashboard.html, Unclosed tag on line 1: 'block'. Looking for one of: endblock.
ERROR 2026-01-02 10:52:50,885 log 9358 123145490137088 Internal Server Error: /
Traceback (most recent call last):
  File "/opt/anaconda3/lib/python3.13/site-packages/django/core/handlers/exception.py", line 55, in inner
    response = get_response(request)
  File "/opt/anaconda3/lib/python3.13/site-packages/django/core/handlers/base.py", line 198, in _get_response
    response = wrapped_callback(request, *callback_args, **callback_kwargs)
  File "/opt/anaconda3/lib/python3.13/site-packages/django/contrib/auth/decorators.py", line 59, in _view_wrapper
    return view_func(request, *args, **kwargs)
  File "/Users/earnest/Desktop/smartpos_project/smartpos/views.py", line 108, in dashboard
    return render(request, 'smartpos/dashboard.html', context)
  File "/opt/anaconda3/lib/python3.13/site-packages/django/shortcuts.py", line 25, in render
    content = loader.render_to_string(template_name, context, request, using=using)
  File "/opt/anaconda3/lib/python3.13/site-packages/django/template/loader.py", line 61, in render_to_string
    template = get_template(template_name, using=using)
  File "/opt/anaconda3/lib/python3.13/site-packages/django/template/loader.py", line 15, in get_template
    return engine.get_template(template_name)
           ~~~~~~~~~~~~~~~~~~~^^^^^^^^^^^^^^^
  File "/opt/anaconda3/lib/python3.13/site-packages/django/template/backends/django.py", line 79, in get_template
    return Template(self.engine.get_template(template_name), self)
                    ~~~~~~~~~~~~~~~~~~~~~~~~^^^^^^^^^^^^^^^
  File "/opt/anaconda3/lib/python3.13/site-packages/django/template/engine.py", line 186, in get_template
    template, origin = self.find_template(template_name)
                       ~~~~~~~~~~~~~~~~~~^^^^^^^^^^^^^^^
  File "/opt/anaconda3/lib/python3.13/site-packages/django/template/engine.py", line 159, in find_template
    template = loader.get_template(name, skip=skip)
  File "/opt/anaconda3/lib/python3.13/site-packages/django/template/loaders/cached.py", line 57, in get_template
    template = super().get_template(template_name, skip)
  File "/opt/anaconda3/lib/python3.13/site-packages/django/template/loaders/base.py", line 28, in get_template
    return Template(
        contents,
    ...<2 lines>...
        self.engine,
    )
  File "/opt/anaconda3/lib/python3.13/site-packages/django/template/base.py", line 157, in __init__
    self.nodelist = self.compile_nodelist()
                    ~~~~~~~~~~~~~~~~~~~~~^^
  File "/opt/anaconda3/lib/python3.13/site-packages/django/template/base.py", line 199, in compile_nodelist
    nodelist = parser.parse()
  File "/opt/anaconda3/lib/python3.13/site-packages/django/template/base.py", line 585, in parse
    raise self.error(token, e)
  File "/opt/anaconda3/lib/python3.13/site-packages/django/template/base.py", line 583, in parse
    compiled_result = compile_func(self, token)
  File "/opt/anaconda3/lib/python3.13/site-packages/django/template/loader_tags.py", line 307, in do_extends
    nodelist = parser.parse()
  File "/opt/anaconda3/lib/python3.13/site-packages/django/template/base.py", line 585, in parse
    raise self.error(token, e)
  File "/opt/anaconda3/lib/python3.13/site-packages/django/template/base.py", line 583, in parse
    compiled_result = compile_func(self, token)
  File "/opt/anaconda3/lib/python3.13/site-packages/django/template/loader_tags.py", line 235, in do_block
    nodelist = parser.parse(("endblock",))
  File "/opt/anaconda3/lib/python3.13/site-packages/django/template/base.py", line 590, in parse
    self.unclosed_block_tag(parse_until)
    ~~~~~~~~~~~~~~~~~~~~~~~^^^^^^^^^^^^^
  File "/opt/anaconda3/lib/python3.13/site-packages/django/template/base.py", line 657, in unclosed_block_tag
    raise self.error(token, msg)
django.template.exceptions.TemplateSyntaxError: Template: /Users/earnest/Desktop/smartpos_project/templates/smartpos/dashboard.html, Unclosed tag on line 1: 'block'. Looking for one of: endblock.
WARNING 2026-01-02 10:56:04,871 log 9358 123145506926592 Not Found: /product_list
INFO 2026-01-02 10:57:19,201 autoreload 10048 4658587136 Watching for file changes with StatReloader
WARNING 2026-01-02 11:04:54,070 log 10048 123145523994624 Not Found: /add
WARNING 2026-01-02 11:06:36,405 log 10048 123145523994624 Method Not Allowed (GET): /api/create-sale/
WARNING 2026-01-02 11:07:22,852 log 10048 123145523994624 Method Not Allowed (GET): /api/create-sale/
INFO 2026-01-02 11:07:40,991 autoreload 10493 4724872704 Watching for file changes with StatReloader
ERROR 2026-01-02 11:07:57,190 log 10493 123145417207808 Internal Server Error: /reports/sales/
Traceback (most recent call last):
  File "/opt/anaconda3/lib/python3.13/site-packages/django/core/handlers/exception.py", line 55, in inner
    response = get_response(request)
  File "/opt/anaconda3/lib/python3.13/site-packages/django/core/handlers/base.py", line 198, in _get_response
    response = wrapped_callback(request, *callback_args, **callback_kwargs)
  File "/opt/anaconda3/lib/python3.13/site-packages/django/contrib/auth/decorators.py", line 59, in _view_wrapper
    return view_func(request, *args, **kwargs)
  File "/Users/earnest/Desktop/smartpos_project/smartpos/views.py", line 323, in sales_report
    return render(request, 'smartpos/sales_report.html', report_data)
  File "/opt/anaconda3/lib/python3.13/site-packages/django/shortcuts.py", line 25, in render
    content = loader.render_to_string(template_name, context, request, using=using)
  File "/opt/anaconda3/lib/python3.13/site-packages/django/template/loader.py", line 61, in render_to_string
    template = get_template(template_name, using=using)
  File "/opt/anaconda3/lib/python3.13/site-packages/django/template/loader.py", line 15, in get_template
    return engine.get_template(template_name)
           ~~~~~~~~~~~~~~~~~~~^^^^^^^^^^^^^^^
  File "/opt/anaconda3/lib/python3.13/site-packages/django/template/backends/django.py", line 79, in get_template
    return Template(self.engine.get_template(template_name), self)
                    ~~~~~~~~~~~~~~~~~~~~~~~~^^^^^^^^^^^^^^^
  File "/opt/anaconda3/lib/python3.13/site-packages/django/template/engine.py", line 186, in get_template
    template, origin = self.find_template(template_name)
                       ~~~~~~~~~~~~~~~~~~^^^^^^^^^^^^^^^
  File "/opt/anaconda3/lib/python3.13/site-packages/django/template/engine.py", line 159, in find_template
    template = loader.get_template(name, skip=skip)
  File "/opt/anaconda3/lib/python3.13/site-packages/django/template/loaders/cached.py", line 57, in get_template
    template = super().get_template(template_name, skip)
  File "/opt/anaconda3/lib/python3.13/site-packages/django/template/loaders/base.py", line 28, in get_template
    return Template(
        contents,
    ...<2 lines>...
        self.engine,
    )
  File "/opt/anaconda3/lib/python3.13/site-packages/django/template/base.py", line 157, in __init__
    self.nodelist = self.compile_nodelist()
                    ~~~~~~~~~~~~~~~~~~~~~^^
  File "/opt/anaconda3/lib/python3.13/site-packages/django/template/base.py", line 199, in compile_nodelist
    nodelist = parser.parse()
  File "/opt/anaconda3/lib/python3.13/site-packages/django/template/base.py", line 585, in parse
    raise self.error(token, e)
  File "/opt/anaconda3/lib/python3.13/site-packages/django/template/base.py", line 583, in parse
    compiled_result = compile_func(self, token)
  File "/opt/anaconda3/lib/python3.13/site-packages/django/template/loader_tags.py", line 307, in do_extends
    nodelist = parser.parse()
  File "/opt/anaconda3/lib/python3.13/site-packages/django/template/base.py", line 585, in parse
    raise self.error(token, e)
  File "/opt/anaconda3/lib/python3.13/site-packages/django/template/base.py", line 583, in parse
    compiled_result = compile_func(self, token)
  File "/opt/anaconda3/lib/python3.13/site-packages/django/template/loader_tags.py", line 235, in do_block
    nodelist = parser.parse(("endblock",))
  File "/opt/anaconda3/lib/python3.13/site-packages/django/template/base.py", line 590, in parse
    self.unclosed_block_tag(parse_until)
    ~~~~~~~~~~~~~~~~~~~~~~~^^^^^^^^^^^^^
  File "/opt/anaconda3/lib/python3.13/site-packages/django/template/base.py", line 657, in unclosed_block_tag
    raise self.error(token, msg)
django.template.exceptions.TemplateSyntaxError: Template: /Users/earnest/Desktop/smartpos_project/templates/smartpos/sales_report.html, Unclosed tag on line 1: 'block'. Looking for one of: endblock.
WARNING 2026-01-02 11:08:05,215 log 10493 123145417207808 Not Found: /reports/
WARNING 2026-01-02 11:09:20,782 log 10493 123145417207808 Not Found: /dashboard
ERROR 2026-01-02 11:09:35,987 log 10493 123145417207808 Internal Server Error: /reports/sales/
Traceback (most recent call last):
  File "/opt/anaconda3/lib/python3.13/site-packages/django/core/handlers/exception.py", line 55, in inner
    response = get_response(request)
  File "/opt/anaconda3/lib/python3.13/site-packages/django/core/handlers/base.py", line 198, in _get_response
    response = wrapped_callback(request, *callback_args, **callback_kwargs)
  File "/opt/anaconda3/lib/python3.13/site-packages/django/contrib/auth/decorators.py", line 59, in _view_wrapper
    return view_func(request, *args, **kwargs)
  File "/Users/earnest/Desktop/smartpos_project/smartpos/views.py", line 323, in sales_report
    return render(request, 'smartpos/sales_report.html', report_data)
  File "/opt/anaconda3/lib/python3.13/site-packages/django/shortcuts.py", line 25, in render
    content = loader.render_to_string(template_name, context, request, using=using)
  File "/opt/anaconda3/lib/python3.13/site-packages/django/template/loader.py", line 61, in render_to_string
    template = get_template(template_name, using=using)
  File "/opt/anaconda3/lib/python3.13/site-packages/django/template/loader.py", line 15, in get_template
    return engine.get_template(template_name)
           ~~~~~~~~~~~~~~~~~~~^^^^^^^^^^^^^^^
  File "/opt/anaconda3/lib/python3.13/site-packages/django/template/backends/django.py", line 79, in get_template
    return Template(self.engine.get_template(template_name), self)
                    ~~~~~~~~~~~~~~~~~~~~~~~~^^^^^^^^^^^^^^^
  File "/opt/anaconda3/lib/python3.13/site-packages/django/template/engine.py", line 186, in get_template
    template, origin = self.find_template(template_name)
                       ~~~~~~~~~~~~~~~~~~^^^^^^^^^^^^^^^
  File "/opt/anaconda3/lib/python3.13/site-packages/django/template/engine.py", line 159, in find_template
    template = loader.get_template(name, skip=skip)
  File "/opt/anaconda3/lib/python3.13/site-packages/django/template/loaders/cached.py", line 57, in get_template
    template = super().get_template(template_name, skip)
  File "/opt/anaconda3/lib/python3.13/site-packages/django/template/loaders/base.py", line 28, in get_template
    return Template(
        contents,
    ...<2 lines>...
        self.engine,
    )
  File "/opt/anaconda3/lib/python3.13/site-packages/django/template/base.py", line 157, in __init__
    self.nodelist = self.compile_nodelist()
                    ~~~~~~~~~~~~~~~~~~~~~^^
  File "/opt/anaconda3/lib/python3.13/site-packages/django/template/base.py", line 199, in compile_nodelist
    nodelist = parser.parse()
  File "/opt/anaconda3/lib/python3.13/site-packages/django/template/base.py", line 585, in parse
    raise self.error(token, e)
  File "/opt/anaconda3/lib/python3.13/site-packages/django/template/base.py", line 583, in parse
    compiled_result = compile_func(self, token)
  File "/opt/anaconda3/lib/python3.13/site-packages/django/template/loader_tags.py", line 307, in do_extends
    nodelist = parser.parse()
  File "/opt/anaconda3/lib/python3.13/site-packages/django/template/base.py", line 585, in parse
    raise self.error(token, e)
  File "/opt/anaconda3/lib/python3.13/site-packages/django/template/base.py", line 583, in parse
    compiled_result = compile_func(self, token)
  File "/opt/anaconda3/lib/python3.13/site-packages/django/template/loader_tags.py", line 235, in do_block
    nodelist = parser.parse(("endblock",))
  File "/opt/anaconda3/lib/python3.13/site-packages/django/template/base.py", line 590, in parse
    self.unclosed_block_tag(parse_until)
    ~~~~~~~~~~~~~~~~~~~~~~~^^^^^^^^^^^^^
  File "/opt/anaconda3/lib/python3.13/site-packages/django/template/base.py", line 657, in unclosed_block_tag
    raise self.error(token, msg)
django.template.exceptions.TemplateSyntaxError: Template: /Users/earnest/Desktop/smartpos_project/templates/smartpos/sales_report.html, Unclosed tag on line 1: 'block'. Looking for one of: endblock.
ERROR 2026-01-02 11:09:57,620 log 10493 123145417207808 Internal Server Error: /reports/sales/
Traceback (most recent call last):
  File "/opt/anaconda3/lib/python3.13/site-packages/django/core/handlers/exception.py", line 55, in inner
    response = get_response(request)
  File "/opt/anaconda3/lib/python3.13/site-packages/django/core/handlers/base.py", line 198, in _get_response
    response = wrapped_callback(request, *callback_args, **callback_kwargs)
  File "/opt/anaconda3/lib/python3.13/site-packages/django/contrib/auth/decorators.py", line 59, in _view_wrapper
    return view_func(request, *args, **kwargs)
  File "/Users/earnest/Desktop/smartpos_project/smartpos/views.py", line 323, in sales_report
    return render(request, 'smartpos/sales_report.html', report_data)
  File "/opt/anaconda3/lib/python3.13/site-packages/django/shortcuts.py", line 25, in render
    content = loader.render_to_string(template_name, context, request, using=using)
  File "/opt/anaconda3/lib/python3.13/site-packages/django/template/loader.py", line 61, in render_to_string
    template = get_template(template_name, using=using)
  File "/opt/anaconda3/lib/python3.13/site-packages/django/template/loader.py", line 15, in get_template
    return engine.get_template(template_name)
           ~~~~~~~~~~~~~~~~~~~^^^^^^^^^^^^^^^
  File "/opt/anaconda3/lib/python3.13/site-packages/django/template/backends/django.py", line 79, in get_template
    return Template(self.engine.get_template(template_name), self)
                    ~~~~~~~~~~~~~~~~~~~~~~~~^^^^^^^^^^^^^^^
  File "/opt/anaconda3/lib/python3.13/site-packages/django/template/engine.py", line 186, in get_template
    template, origin = self.find_template(template_name)
                       ~~~~~~~~~~~~~~~~~~^^^^^^^^^^^^^^^
  File "/opt/anaconda3/lib/python3.13/site-packages/django/template/engine.py", line 159, in find_template
    template = loader.get_template(name, skip=skip)
  File "/opt/anaconda3/lib/python3.13/site-packages/django/template/loaders/cached.py", line 57, in get_template
    template = super().get_template(template_name, skip)
  File "/opt/anaconda3/lib/python3.13/site-packages/django/template/loaders/base.py", line 28, in get_template
    return Template(
        contents,
    ...<2 lines>...
        self.engine,
    )
  File "/opt/anaconda3/lib/python3.13/site-packages/django/template/base.py", line 157, in __init__
    self.nodelist = self.compile_nodelist()
                    ~~~~~~~~~~~~~~~~~~~~~^^
  File "/opt/anaconda3/lib/python3.13/site-packages/django/template/base.py", line 199, in compile_nodelist
    nodelist = parser.parse()
  File "/opt/anaconda3/lib/python3.13/site-packages/django/template/base.py", line 585, in parse
    raise self.error(token, e)
  File "/opt/anaconda3/lib/python3.13/site-packages/django/template/base.py", line 583, in parse
    compiled_result = compile_func(self, token)
  File "/opt/anaconda3/lib/python3.13/site-packages/django/template/loader_tags.py", line 307, in do_extends
    nodelist = parser.parse()
  File "/opt/anaconda3/lib/python3.13/site-packages/django/template/base.py", line 585, in parse
    raise self.error(token, e)
  File "/opt/anaconda3/lib/python3.13/site-packages/django/template/base.py", line 583, in parse
    compiled_result = compile_func(self, token)
  File "/opt/anaconda3/lib/python3.13/site-packages/django/template/loader_tags.py", line 235, in do_block
    nodelist = parser.parse(("endblock",))
  File "/opt/anaconda3/lib/python3.13/site-packages/django/template/base.py", line 590, in parse
    self.unclosed_block_tag(parse_until)
    ~~~~~~~~~~~~~~~~~~~~~~~^^^^^^^^^^^^^
  File "/opt/anaconda3/lib/python3.13/site-packages/django/template/base.py", line 657, in unclosed_block_tag
    raise self.error(token, msg)
django.template.exceptions.TemplateSyntaxError: Template: /Users/earnest/Desktop/smartpos_project/templates/smartpos/sales_report.html, Unclosed tag on line 1: 'block'. Looking for one of: endblock.
ERROR 2026-01-02 11:14:00,019 log 10493 123145417207808 Internal Server Error: /reports/sales/
Traceback (most recent call last):
  File "/opt/anaconda3/lib/python3.13/site-packages/django/core/handlers/exception.py", line 55, in inner
    response = get_response(request)
  File "/opt/anaconda3/lib/python3.13/site-packages/django/core/handlers/base.py", line 198, in _get_response
    response = wrapped_callback(request, *callback_args, **callback_kwargs)
  File "/opt/anaconda3/lib/python3.13/site-packages/django/contrib/auth/decorators.py", line 59, in _view_wrapper
    return view_func(request, *args, **kwargs)
  File "/Users/earnest/Desktop/smartpos_project/smartpos/views.py", line 323, in sales_report
    return render(request, 'smartpos/sales_report.html', report_data)
  File "/opt/anaconda3/lib/python3.13/site-packages/django/shortcuts.py", line 25, in render
    content = loader.render_to_string(template_name, context, request, using=using)
  File "/opt/anaconda3/lib/python3.13/site-packages/django/template/loader.py", line 61, in render_to_string
    template = get_template(template_name, using=using)
  File "/opt/anaconda3/lib/python3.13/site-packages/django/template/loader.py", line 15, in get_template
    return engine.get_template(template_name)
           ~~~~~~~~~~~~~~~~~~~^^^^^^^^^^^^^^^
  File "/opt/anaconda3/lib/python3.13/site-packages/django/template/backends/django.py", line 79, in get_template
    return Template(self.engine.get_template(template_name), self)
                    ~~~~~~~~~~~~~~~~~~~~~~~~^^^^^^^^^^^^^^^
  File "/opt/anaconda3/lib/python3.13/site-packages/django/template/engine.py", line 186, in get_template
    template, origin = self.find_template(template_name)
                       ~~~~~~~~~~~~~~~~~~^^^^^^^^^^^^^^^
  File "/opt/anaconda3/lib/python3.13/site-packages/django/template/engine.py", line 159, in find_template
    template = loader.get_template(name, skip=skip)
  File "/opt/anaconda3/lib/python3.13/site-packages/django/template/loaders/cached.py", line 57, in get_template
    template = super().get_template(template_name, skip)
  File "/opt/anaconda3/lib/python3.13/site-packages/django/template/loaders/base.py", line 28, in get_template
    return Template(
        contents,
    ...<2 lines>...
        self.engine,
    )
  File "/opt/anaconda3/lib/python3.13/site-packages/django/template/base.py", line 157, in __init__
    self.nodelist = self.compile_nodelist()
                    ~~~~~~~~~~~~~~~~~~~~~^^
  File "/opt/anaconda3/lib/python3.13/site-packages/django/template/base.py", line 199, in compile_nodelist
    nodelist = parser.parse()
  File "/opt/anaconda3/lib/python3.13/site-packages/django/template/base.py", line 585, in parse
    raise self.error(token, e)
  File "/opt/anaconda3/lib/python3.13/site-packages/django/template/base.py", line 583, in parse
    compiled_result = compile_func(self, token)
  File "/opt/anaconda3/lib/python3.13/site-packages/django/template/loader_tags.py", line 307, in do_extends
    nodelist = parser.parse()
  File "/opt/anaconda3/lib/python3.13/site-packages/django/template/base.py", line 585, in parse
    raise self.error(token, e)
  File "/opt/anaconda3/lib/python3.13/site-packages/django/template/base.py", line 583, in parse
    compiled_result = compile_func(self, token)
  File "/opt/anaconda3/lib/python3.13/site-packages/django/template/loader_tags.py", line 235, in do_block
    nodelist = parser.parse(("endblock",))
  File "/opt/anaconda3/lib/python3.13/site-packages/django/template/base.py", line 590, in parse
    self.unclosed_block_tag(parse_until)
    ~~~~~~~~~~~~~~~~~~~~~~~^^^^^^^^^^^^^
  File "/opt/anaconda3/lib/python3.13/site-packages/django/template/base.py", line 657, in unclosed_block_tag
    raise self.error(token, msg)
django.template.exceptions.TemplateSyntaxError: Template: /Users/earnest/Desktop/smartpos_project/templates/smartpos/sales_report.html, Unclosed tag on line 1: 'block'. Looking for one of: endblock.
